<?xml version="1.0" encoding="UTF-8"?>
<testng-results ignored="0" total="1" passed="1" failed="0" skipped="0">
  <reporter-output>
  </reporter-output>
  <suite started-at="2026-08-15T23:51:34 IST" name="Default suite" finished-at="2026-08-15T23:51:37 IST" duration-ms="3001">
    <groups>
    </groups>
    <test started-at="2026-08-15T23:51:34 IST" name="Default test" finished-at="2026-08-15T23:51:37 IST" duration-ms="3001">
      <class name="api.ApiTestSuite">
        <test-method signature="verifyGetUserSuccess()[pri:0, instance:api.ApiTestSuite@1d2adfbe]" started-at="2026-08-15T23:51:34 IST" name="verifyGetUserSuccess" finished-at="2026-08-15T23:51:37 IST" duration-ms="2941" status="PASS">
          <reporter-output>
          </reporter-output>
        </test-method> <!-- verifyGetUserSuccess -->
      </class> <!-- api.ApiTestSuite -->
    </test> <!-- Default test -->
  </suite> <!-- Default suite -->
</testng-results>
